
[2013-09-28T22:27:21+00:00] [7] [DEBUG] [webSystem: nova Instância !!!]
[2013-09-28T19:27:21-03:00] [7] [DEBUG] [DHCConexaoBanco: nova instância]
[2013-09-28T19:27:21-03:00] [7] [DEBUG] [Conexão com o banco de dados efetuada com sucesso !!!]
[2013-09-28T19:27:21-03:00] [7] [DEBUG] [DHCUsuario: nova instância]
[2013-09-28T19:27:21-03:00] [7] [DEBUG] [dbRel: nova Instância]
[2013-09-28T19:27:21-03:00] [7] [DEBUG] [parametro: nova Instância]
[2013-09-28T19:27:21-03:00] [7] [DEBUG] [parametro: nova Instância]
[2013-09-28T19:27:21-03:00] [7] [DEBUG] [parametro: nova Instância]
[2013-09-28T22:37:27+00:00] [7] [DEBUG] [DHCAuth: nova instância]
[2013-09-28T22:37:27+00:00] [7] [DEBUG] [DHCAuth: Definindo usuario: admin]
[2013-09-28T22:37:27+00:00] [3] [ERR] [DHCConexaoBanco: Mysqli prepare error: Table 'dbrel.USUARIO_TEMPLO' doesn't exist]
[2013-09-28T22:39:53+00:00] [3] [ERR] [DHCConexaoBanco: Mysqli prepare error: Table 'dbrel.USUARIO_TEMPLO' doesn't exist]
[2013-09-28T22:40:09+00:00] [7] [DEBUG] [webSystem: nova Instância !!!]
[2013-09-28T19:40:09-03:00] [7] [DEBUG] [DHCConexaoBanco: nova instância]
[2013-09-28T19:40:09-03:00] [7] [DEBUG] [Conexão com o banco de dados efetuada com sucesso !!!]
[2013-09-28T19:40:09-03:00] [7] [DEBUG] [DHCUsuario: nova instância]
[2013-09-28T19:40:09-03:00] [7] [DEBUG] [dbRel: nova Instância]
[2013-09-28T19:40:09-03:00] [7] [DEBUG] [parametro: nova Instância]
[2013-09-28T19:40:09-03:00] [7] [DEBUG] [parametro: nova Instância]
[2013-09-28T19:40:09-03:00] [7] [DEBUG] [parametro: nova Instância]
[2013-09-28T22:40:11+00:00] [7] [DEBUG] [DHCAuth: nova instância]
[2013-09-28T22:40:11+00:00] [7] [DEBUG] [DHCAuth: Definindo usuario: admin]
[2013-09-28T22:40:11+00:00] [3] [ERR] [DHCConexaoBanco: Mysqli prepare error: Table 'dbrel.USUARIO_TEMPLO' doesn't exist]
[2013-09-28T22:40:54+00:00] [7] [DEBUG] [webSystem: nova Instância !!!]
[2013-09-28T19:40:54-03:00] [7] [DEBUG] [DHCConexaoBanco: nova instância]
[2013-09-28T19:40:54-03:00] [7] [DEBUG] [Conexão com o banco de dados efetuada com sucesso !!!]
[2013-09-28T19:40:54-03:00] [7] [DEBUG] [DHCUsuario: nova instância]
[2013-09-28T19:40:54-03:00] [7] [DEBUG] [dbRel: nova Instância]
[2013-09-28T19:40:54-03:00] [7] [DEBUG] [parametro: nova Instância]
[2013-09-28T19:40:54-03:00] [7] [DEBUG] [parametro: nova Instância]
[2013-09-28T19:40:54-03:00] [7] [DEBUG] [parametro: nova Instância]
[2013-09-28T22:40:56+00:00] [7] [DEBUG] [DHCAuth: nova instância]
[2013-09-28T22:40:56+00:00] [7] [DEBUG] [DHCAuth: Definindo usuario: admin]
[2013-09-28T22:40:56+00:00] [3] [ERR] [DHCConexaoBanco: Mysqli prepare error: Table 'dbrel.USUARIO_TEMPLO' doesn't exist]
[2013-09-28T22:43:16+00:00] [7] [DEBUG] [webSystem: nova Instância !!!]
[2013-09-28T19:43:16-03:00] [7] [DEBUG] [DHCConexaoBanco: nova instância]
[2013-09-28T19:43:16-03:00] [7] [DEBUG] [Conexão com o banco de dados efetuada com sucesso !!!]
[2013-09-28T19:43:16-03:00] [7] [DEBUG] [DHCUsuario: nova instância]
[2013-09-28T19:43:16-03:00] [7] [DEBUG] [dbRel: nova Instância]
[2013-09-28T19:43:16-03:00] [7] [DEBUG] [parametro: nova Instância]
[2013-09-28T19:43:16-03:00] [7] [DEBUG] [parametro: nova Instância]
[2013-09-28T19:43:16-03:00] [7] [DEBUG] [parametro: nova Instância]
[2013-09-28T22:43:18+00:00] [7] [DEBUG] [DHCAuth: nova instância]
[2013-09-28T22:43:18+00:00] [7] [DEBUG] [DHCAuth: Definindo usuario: admin]
[2013-09-28T22:43:31+00:00] [7] [DEBUG] [webSystem: nova Instância !!!]
[2013-09-28T19:43:31-03:00] [7] [DEBUG] [DHCConexaoBanco: nova instância]
[2013-09-28T19:43:31-03:00] [7] [DEBUG] [Conexão com o banco de dados efetuada com sucesso !!!]
[2013-09-28T19:43:31-03:00] [7] [DEBUG] [DHCUsuario: nova instância]
[2013-09-28T19:43:31-03:00] [7] [DEBUG] [dbRel: nova Instância]
[2013-09-28T19:43:31-03:00] [7] [DEBUG] [parametro: nova Instância]
[2013-09-28T19:43:31-03:00] [7] [DEBUG] [parametro: nova Instância]
[2013-09-28T19:43:31-03:00] [7] [DEBUG] [parametro: nova Instância]
[2013-09-28T22:43:33+00:00] [7] [DEBUG] [DHCAuth: nova instância]
[2013-09-28T22:43:33+00:00] [7] [DEBUG] [DHCAuth: Definindo usuario: admin]
[2013-09-28T22:43:53+00:00] [7] [DEBUG] [webSystem: nova Instância !!!]
[2013-09-28T19:43:53-03:00] [7] [DEBUG] [DHCConexaoBanco: nova instância]
[2013-09-28T19:43:53-03:00] [7] [DEBUG] [Conexão com o banco de dados efetuada com sucesso !!!]
[2013-09-28T19:43:53-03:00] [7] [DEBUG] [DHCUsuario: nova instância]
[2013-09-28T19:43:53-03:00] [7] [DEBUG] [dbRel: nova Instância]
[2013-09-28T19:43:53-03:00] [7] [DEBUG] [parametro: nova Instância]
[2013-09-28T19:43:53-03:00] [7] [DEBUG] [parametro: nova Instância]
[2013-09-28T19:43:53-03:00] [7] [DEBUG] [parametro: nova Instância]
[2013-09-28T22:43:55+00:00] [7] [DEBUG] [DHCAuth: nova instância]
[2013-09-28T22:43:55+00:00] [7] [DEBUG] [DHCAuth: Definindo usuario: admin]
[2013-09-28T22:44:04+00:00] [3] [ERR] [DHCConexaoBanco: Mysqli prepare error: Table 'dbrel.USUARIO_TEMPLO' doesn't exist]
[2013-09-28T22:45:12+00:00] [3] [ERR] [DHCConexaoBanco: Mysqli prepare error: Table 'dbrel.USUARIO_TEMPLO' doesn't exist]
[2013-09-28T22:45:22+00:00] [3] [ERR] [DHCConexaoBanco: Mysqli prepare error: Table 'dbrel.USUARIO_TEMPLO' doesn't exist]
[2013-09-28T23:00:43+00:00] [7] [DEBUG] [Conexão com o banco fechada com sucesso !!!]
[2013-09-28T23:00:45+00:00] [7] [DEBUG] [webSystem: nova Instância !!!]
[2013-09-28T20:00:45-03:00] [7] [DEBUG] [DHCConexaoBanco: nova instância]
[2013-09-28T20:00:45-03:00] [7] [DEBUG] [Conexão com o banco de dados efetuada com sucesso !!!]
[2013-09-28T20:00:45-03:00] [7] [DEBUG] [DHCUsuario: nova instância]
[2013-09-28T20:00:45-03:00] [7] [DEBUG] [dbRel: nova Instância]
[2013-09-28T20:00:45-03:00] [7] [DEBUG] [parametro: nova Instância]
[2013-09-28T20:00:45-03:00] [7] [DEBUG] [parametro: nova Instância]
[2013-09-28T20:00:45-03:00] [7] [DEBUG] [parametro: nova Instância]
[2013-09-28T23:06:35+00:00] [7] [DEBUG] [DHCAuth: nova instância]
[2013-09-28T23:06:35+00:00] [7] [DEBUG] [DHCAuth: Definindo usuario: admin]
[2013-09-28T23:06:36+00:00] [7] [DEBUG] [Conexão com o banco fechada com sucesso !!!]
[2013-09-28T23:06:37+00:00] [7] [DEBUG] [webSystem: nova Instância !!!]
[2013-09-28T20:06:37-03:00] [7] [DEBUG] [DHCConexaoBanco: nova instância]
[2013-09-28T20:06:37-03:00] [7] [DEBUG] [Conexão com o banco de dados efetuada com sucesso !!!]
[2013-09-28T20:06:37-03:00] [7] [DEBUG] [DHCUsuario: nova instância]
[2013-09-28T20:06:37-03:00] [7] [DEBUG] [dbRel: nova Instância]
[2013-09-28T20:06:37-03:00] [7] [DEBUG] [parametro: nova Instância]
[2013-09-28T20:06:37-03:00] [7] [DEBUG] [parametro: nova Instância]
[2013-09-28T20:06:37-03:00] [7] [DEBUG] [parametro: nova Instância]
[2013-09-28T23:08:51+00:00] [7] [DEBUG] [DHCAuth: nova instância]
[2013-09-28T23:08:51+00:00] [7] [DEBUG] [DHCAuth: Definindo usuario: admin]
[2013-09-28T23:13:30+00:00] [7] [DEBUG] [Conexão com o banco fechada com sucesso !!!]
[2013-09-28T23:13:31+00:00] [7] [DEBUG] [webSystem: nova Instância !!!]
[2013-09-28T20:13:31-03:00] [7] [DEBUG] [DHCConexaoBanco: nova instância]
[2013-09-28T20:13:31-03:00] [7] [DEBUG] [Conexão com o banco de dados efetuada com sucesso !!!]
[2013-09-28T20:13:31-03:00] [7] [DEBUG] [DHCUsuario: nova instância]
[2013-09-28T20:13:31-03:00] [7] [DEBUG] [dbRel: nova Instância]
[2013-09-28T20:13:31-03:00] [7] [DEBUG] [parametro: nova Instância]
[2013-09-28T20:13:31-03:00] [7] [DEBUG] [parametro: nova Instância]
[2013-09-28T20:13:31-03:00] [7] [DEBUG] [parametro: nova Instância]
[2013-09-28T23:13:32+00:00] [7] [DEBUG] [DHCAuth: nova instância]
[2013-09-28T23:13:32+00:00] [7] [DEBUG] [DHCAuth: Definindo usuario: admin]
[2013-09-28T23:15:35+00:00] [3] [ERR] [DHCConexaoBanco: Mysqli prepare error: Unknown column 'U.codTipo' in 'where clause']
[2013-09-28T23:19:21+00:00] [3] [ERR] [DHCConexaoBanco: Mysqli prepare error: Unknown column 'codTipo' in 'field list']
[2013-09-28T23:20:37+00:00] [3] [ERR] [DHCConexaoBanco: Mysqli prepare error: Unknown column 'descricao' in 'order clause']
[2013-09-28T23:20:51+00:00] [3] [ERR] [DHCConexaoBanco: Mysqli prepare error: Unknown column 'DESCRICAO' in 'order clause']
[2013-09-28T23:36:53+00:00] [7] [DEBUG] [webSystem: nova Instância !!!]
[2013-09-28T20:36:53-03:00] [7] [DEBUG] [DHCConexaoBanco: nova instância]
[2013-09-28T20:36:53-03:00] [7] [DEBUG] [Conexão com o banco de dados efetuada com sucesso !!!]
[2013-09-28T20:36:53-03:00] [7] [DEBUG] [DHCUsuario: nova instância]
[2013-09-28T20:36:53-03:00] [7] [DEBUG] [dbRel: nova Instância]
[2013-09-28T20:36:53-03:00] [7] [DEBUG] [parametro: nova Instância]
[2013-09-28T20:36:53-03:00] [7] [DEBUG] [parametro: nova Instância]
[2013-09-28T20:36:53-03:00] [7] [DEBUG] [parametro: nova Instância]
[2013-09-28T23:36:56+00:00] [7] [DEBUG] [DHCAuth: nova instância]
[2013-09-28T23:36:56+00:00] [7] [DEBUG] [DHCAuth: Definindo usuario: admin]
[2013-09-28T23:40:24+00:00] [3] [ERR] [DHCConexaoBanco: Mysqli prepare error: Unknown column 'descricao' in 'order clause']
[2013-09-28T23:47:04+00:00] [4] [WARN] [Template: /srv/www/htdocs/dbRel//html//cadMenu.html não carregado !!!]
[2013-09-28T23:50:51+00:00] [7] [DEBUG] [Conexão com o banco fechada com sucesso !!!]
[2013-09-28T23:50:53+00:00] [7] [DEBUG] [webSystem: nova Instância !!!]
[2013-09-28T20:50:53-03:00] [7] [DEBUG] [DHCConexaoBanco: nova instância]
[2013-09-28T20:50:53-03:00] [7] [DEBUG] [Conexão com o banco de dados efetuada com sucesso !!!]
[2013-09-28T20:50:53-03:00] [7] [DEBUG] [DHCUsuario: nova instância]
[2013-09-28T20:50:53-03:00] [7] [DEBUG] [dbRel: nova Instância]
[2013-09-28T20:50:53-03:00] [7] [DEBUG] [parametro: nova Instância]
[2013-09-28T20:50:53-03:00] [7] [DEBUG] [parametro: nova Instância]
[2013-09-28T20:50:53-03:00] [7] [DEBUG] [parametro: nova Instância]
[2013-09-28T23:50:54+00:00] [7] [DEBUG] [DHCAuth: nova instância]
[2013-09-28T23:50:54+00:00] [7] [DEBUG] [DHCAuth: Definindo usuario: admin]
[2013-09-28T23:53:21+00:00] [7] [DEBUG] [Conexão com o banco fechada com sucesso !!!]
[2013-09-28T23:53:23+00:00] [7] [DEBUG] [webSystem: nova Instância !!!]
[2013-09-28T20:53:23-03:00] [7] [DEBUG] [DHCConexaoBanco: nova instância]
[2013-09-28T20:53:23-03:00] [7] [DEBUG] [Conexão com o banco de dados efetuada com sucesso !!!]
[2013-09-28T20:53:23-03:00] [7] [DEBUG] [DHCUsuario: nova instância]
[2013-09-28T20:53:23-03:00] [7] [DEBUG] [dbRel: nova Instância]
[2013-09-28T20:53:23-03:00] [7] [DEBUG] [parametro: nova Instância]
[2013-09-28T20:53:23-03:00] [7] [DEBUG] [parametro: nova Instância]
[2013-09-28T20:53:23-03:00] [7] [DEBUG] [parametro: nova Instância]
[2013-09-28T23:53:24+00:00] [7] [DEBUG] [DHCAuth: nova instância]
[2013-09-28T23:53:24+00:00] [7] [DEBUG] [DHCAuth: Definindo usuario: admin]
[2013-09-28T23:59:29+00:00] [7] [DEBUG] [Conexão com o banco fechada com sucesso !!!]
[2013-09-28T23:59:31+00:00] [7] [DEBUG] [webSystem: nova Instância !!!]
[2013-09-28T20:59:31-03:00] [7] [DEBUG] [DHCConexaoBanco: nova instância]
[2013-09-28T20:59:31-03:00] [7] [DEBUG] [Conexão com o banco de dados efetuada com sucesso !!!]
[2013-09-28T20:59:31-03:00] [7] [DEBUG] [DHCUsuario: nova instância]
[2013-09-28T20:59:31-03:00] [7] [DEBUG] [dbRel: nova Instância]
[2013-09-28T20:59:31-03:00] [7] [DEBUG] [parametro: nova Instância]
[2013-09-28T20:59:31-03:00] [7] [DEBUG] [parametro: nova Instância]
[2013-09-28T20:59:31-03:00] [7] [DEBUG] [parametro: nova Instância]
[2013-09-28T23:59:33+00:00] [7] [DEBUG] [DHCAuth: nova instância]
[2013-09-28T23:59:33+00:00] [7] [DEBUG] [DHCAuth: Definindo usuario: admin]
[2013-09-29T00:07:23+00:00] [7] [DEBUG] [Conexão com o banco fechada com sucesso !!!]
[2013-09-29T00:07:24+00:00] [7] [DEBUG] [webSystem: nova Instância !!!]
[2013-09-28T21:07:24-03:00] [7] [DEBUG] [DHCConexaoBanco: nova instância]
[2013-09-28T21:07:24-03:00] [7] [DEBUG] [Conexão com o banco de dados efetuada com sucesso !!!]
[2013-09-28T21:07:24-03:00] [7] [DEBUG] [DHCUsuario: nova instância]
[2013-09-28T21:07:24-03:00] [7] [DEBUG] [dbRel: nova Instância]
[2013-09-28T21:07:24-03:00] [7] [DEBUG] [parametro: nova Instância]
[2013-09-28T21:07:24-03:00] [7] [DEBUG] [parametro: nova Instância]
[2013-09-28T21:07:24-03:00] [7] [DEBUG] [parametro: nova Instância]
[2013-09-29T00:07:33+00:00] [7] [DEBUG] [DHCAuth: nova instância]
[2013-09-29T00:07:33+00:00] [7] [DEBUG] [DHCAuth: Definindo usuario: admin]
[2013-09-29T00:38:47+00:00] [3] [ERR] [DHCConexaoBanco: Mysqli prepare error: Unknown column 'CODIGO' in 'where clause']
[2013-09-29T00:39:40+00:00] [3] [ERR] [DHCConexaoBanco: Mysqli prepare error: Unknown column 'CODIGO' in 'where clause']
[2013-09-29T00:43:22+00:00] [7] [DEBUG] [MenuPai = 100]
[2013-09-29T00:43:45+00:00] [7] [DEBUG] [Conexão com o banco fechada com sucesso !!!]
[2013-09-29T00:43:46+00:00] [7] [DEBUG] [webSystem: nova Instância !!!]
[2013-09-28T21:43:46-03:00] [7] [DEBUG] [DHCConexaoBanco: nova instância]
[2013-09-28T21:43:46-03:00] [7] [DEBUG] [Conexão com o banco de dados efetuada com sucesso !!!]
[2013-09-28T21:43:46-03:00] [7] [DEBUG] [DHCUsuario: nova instância]
[2013-09-28T21:43:46-03:00] [7] [DEBUG] [dbRel: nova Instância]
[2013-09-28T21:43:46-03:00] [7] [DEBUG] [parametro: nova Instância]
[2013-09-28T21:43:46-03:00] [7] [DEBUG] [parametro: nova Instância]
[2013-09-28T21:43:46-03:00] [7] [DEBUG] [parametro: nova Instância]
[2013-09-29T00:43:48+00:00] [7] [DEBUG] [DHCAuth: nova instância]
[2013-09-29T00:43:48+00:00] [7] [DEBUG] [DHCAuth: Definindo usuario: admin]
[2013-09-29T00:44:00+00:00] [7] [DEBUG] [MenuPai = 100]
[2013-09-29T00:44:27+00:00] [7] [DEBUG] [MenuPai = 100]
[2013-09-29T00:44:32+00:00] [3] [ERR] [DHCConexaoBanco: Mysqli statement execute error : Column 'ORDEM' cannot be null]
[2013-09-29T00:45:34+00:00] [3] [ERR] [DHCConexaoBanco: Mysqli statement execute error : Column 'ORDEM' cannot be null]
[2013-09-29T00:47:05+00:00] [7] [DEBUG] [Conexão com o banco fechada com sucesso !!!]
[2013-09-29T00:47:07+00:00] [7] [DEBUG] [webSystem: nova Instância !!!]
[2013-09-28T21:47:07-03:00] [7] [DEBUG] [DHCConexaoBanco: nova instância]
[2013-09-28T21:47:07-03:00] [7] [DEBUG] [Conexão com o banco de dados efetuada com sucesso !!!]
[2013-09-28T21:47:07-03:00] [7] [DEBUG] [DHCUsuario: nova instância]
[2013-09-28T21:47:07-03:00] [7] [DEBUG] [dbRel: nova Instância]
[2013-09-28T21:47:07-03:00] [7] [DEBUG] [parametro: nova Instância]
[2013-09-28T21:47:07-03:00] [7] [DEBUG] [parametro: nova Instância]
[2013-09-28T21:47:07-03:00] [7] [DEBUG] [parametro: nova Instância]
[2013-09-29T00:47:08+00:00] [7] [DEBUG] [DHCAuth: nova instância]
[2013-09-29T00:47:08+00:00] [7] [DEBUG] [DHCAuth: Definindo usuario: admin]
[2013-09-29T00:47:28+00:00] [7] [DEBUG] [Conexão com o banco fechada com sucesso !!!]
